Symbol range map extraction starting
Processing 26 files
startProcessing "com\TominoCZ\FBP\BakedModelTransformer.java" md5: 56d2269a9838f35688546c67ddc0de45
endProcessing "com\TominoCZ\FBP\BakedModelTransformer.java"

startProcessing "com\TominoCZ\FBP\BakedQuadF.java" md5: f65576b3636641951bf857de06ecc5d8
endProcessing "com\TominoCZ\FBP\BakedQuadF.java"

startProcessing "com\TominoCZ\FBP\CharsetFaceBakery.java" md5: bd8653148fdea1fdfd32917fa8d1c597
endProcessing "com\TominoCZ\FBP\CharsetFaceBakery.java"

startProcessing "com\TominoCZ\FBP\FBP.java" md5: d7d304d2b4bb4a91aecee50b30d397de
endProcessing "com\TominoCZ\FBP\FBP.java"

startProcessing "com\TominoCZ\FBP\ModelTransformer.java" md5: 23b7f1ef7dd31a998453c01c7289ab02
endProcessing "com\TominoCZ\FBP\ModelTransformer.java"

startProcessing "com\TominoCZ\FBP\RenderUtils.java" md5: 0f7a88039a3278da3f2dac81fe0cb913
endProcessing "com\TominoCZ\FBP\RenderUtils.java"

startProcessing "com\TominoCZ\FBP\SimpleBakedModel.java" md5: 55c20c99dbbe10dfea5ed3351b4c29f8
    Compile Error! Pb(883) '<>' operator is not allowed for source level below 1.7
endProcessing "com\TominoCZ\FBP\SimpleBakedModel.java"

startProcessing "com\TominoCZ\FBP\VertexF.java" md5: 79aa6e0aab6bddd769abebecab4e022e
endProcessing "com\TominoCZ\FBP\VertexF.java"

startProcessing "com\TominoCZ\FBP\gui\FBPGuiButton.java" md5: 8601aa3558fd07fb8eace6a224e9bce9
    Compile Error! Pb(881) Cannot switch on a value of type String for source level below 1.7. Only convertible int values or enum variables are permitted
endProcessing "com\TominoCZ\FBP\gui\FBPGuiButton.java"

startProcessing "com\TominoCZ\FBP\gui\FBPGuiButtonBugReport.java" md5: 91e5e01e1faa00f9ffa589078492b078
endProcessing "com\TominoCZ\FBP\gui\FBPGuiButtonBugReport.java"

startProcessing "com\TominoCZ\FBP\gui\FBPGuiButtonEnable.java" md5: 986363625649b2e3019de9d5f9998584
endProcessing "com\TominoCZ\FBP\gui\FBPGuiButtonEnable.java"

startProcessing "com\TominoCZ\FBP\gui\FBPGuiHelper.java" md5: c9c921423675d81d22a9fefeb3537bee
endProcessing "com\TominoCZ\FBP\gui\FBPGuiHelper.java"

startProcessing "com\TominoCZ\FBP\gui\FBPGuiMenuPage1.java" md5: 18bd98b8109ba6f43338e72835372cea
endProcessing "com\TominoCZ\FBP\gui\FBPGuiMenuPage1.java"

startProcessing "com\TominoCZ\FBP\gui\FBPGuiMenuPage2.java" md5: f8e4ceefde0936dd4ab159e5e04fe89b
endProcessing "com\TominoCZ\FBP\gui\FBPGuiMenuPage2.java"

startProcessing "com\TominoCZ\FBP\gui\FBPGuiMenuPage3.java" md5: 6cfdc4057821ed125e0f202b991bb34c
endProcessing "com\TominoCZ\FBP\gui\FBPGuiMenuPage3.java"

startProcessing "com\TominoCZ\FBP\gui\FBPGuiNote.java" md5: 12a8ea15e56140176ae45078275b8bdd
endProcessing "com\TominoCZ\FBP\gui\FBPGuiNote.java"

startProcessing "com\TominoCZ\FBP\gui\FBPGuiYesNo.java" md5: 5ed65e882acec6c3a6342b639a995d00
endProcessing "com\TominoCZ\FBP\gui\FBPGuiYesNo.java"

startProcessing "com\TominoCZ\FBP\handler\FBPConfigHandler.java" md5: 4d4866a5a452f0bfe8e1bf6940842e72
endProcessing "com\TominoCZ\FBP\handler\FBPConfigHandler.java"

startProcessing "com\TominoCZ\FBP\handler\FBPEventHandler.java" md5: 8c6713245629d70dd497d255baf18728
endProcessing "com\TominoCZ\FBP\handler\FBPEventHandler.java"

startProcessing "com\TominoCZ\FBP\handler\FBPKeyInputHandler.java" md5: 22c4c305c5f9cabcfb775ffb71e419ff
endProcessing "com\TominoCZ\FBP\handler\FBPKeyInputHandler.java"

startProcessing "com\TominoCZ\FBP\handler\FBPRenderGuiHandler.java" md5: 0c4749eec01f5cbcb1701716e7282085
endProcessing "com\TominoCZ\FBP\handler\FBPRenderGuiHandler.java"

startProcessing "com\TominoCZ\FBP\keys\FBPKeyBindings.java" md5: 238cf5d0dca57d3c792e5fea5c6e526f
endProcessing "com\TominoCZ\FBP\keys\FBPKeyBindings.java"

startProcessing "com\TominoCZ\FBP\math\FBPMathHelper.java" md5: 2151cc70c19bb9024098fada2ce832d8
endProcessing "com\TominoCZ\FBP\math\FBPMathHelper.java"

startProcessing "com\TominoCZ\FBP\particle\BlockPlaceAnimationDummy.java" md5: ef6dcdde3bbbf1f33db56e8c13c8e408
endProcessing "com\TominoCZ\FBP\particle\BlockPlaceAnimationDummy.java"

startProcessing "com\TominoCZ\FBP\particle\FBPParticle.java" md5: d336d3dee88e47e74a5bfe2d4761bf49
    Compile Error! Pb(876) Invocation of polymorphic methods not allowed for source level below 1.7
endProcessing "com\TominoCZ\FBP\particle\FBPParticle.java"

startProcessing "com\TominoCZ\FBP\particle\FBPParticleManager.java" md5: a8e9d71e36111aee111dd119d93e57e4
    Compile Error! Pb(876) Invocation of polymorphic methods not allowed for source level below 1.7
    Compile Error! Pb(876) Invocation of polymorphic methods not allowed for source level below 1.7
    Compile Error! Pb(876) Invocation of polymorphic methods not allowed for source level below 1.7
    Compile Error! Pb(876) Invocation of polymorphic methods not allowed for source level below 1.7
    Compile Error! Pb(876) Invocation of polymorphic methods not allowed for source level below 1.7
    Compile Error! Pb(876) Invocation of polymorphic methods not allowed for source level below 1.7
    Compile Error! Pb(876) Invocation of polymorphic methods not allowed for source level below 1.7
    Compile Error! Pb(876) Invocation of polymorphic methods not allowed for source level below 1.7
endProcessing "com\TominoCZ\FBP\particle\FBPParticleManager.java"

