[02:18:59] [Client thread/INFO]: Setting user: Player687
[02:19:14] [Client thread/INFO]: LWJGL Version: 2.9.4
[02:19:28] [Client thread/INFO]: Reloading ResourceManager: Default, FMLFileResourcePack:Forge Mod Loader, FMLFileResourcePack:Minecraft Forge, FMLFileResourcePack:Fancy Block Particles
[02:19:36] [Sound Library Loader/INFO]: Starting up SoundSystem...
[02:19:37] [Thread-8/INFO]: Initializing LWJGL OpenAL
[02:19:37] [Thread-8/INFO]: (The LWJGL binding of OpenAL.  For more information, see http://www.lwjgl.org)
[02:19:37] [Thread-8/INFO]: OpenAL initialized.
[02:19:38] [Sound Library Loader/INFO]: Sound engine started
[02:19:47] [Client thread/INFO]: Created: 16x16 textures-atlas
[02:19:52] [Client thread/INFO]: Reloading ResourceManager: Default, FMLFileResourcePack:Forge Mod Loader, FMLFileResourcePack:Minecraft Forge, FMLFileResourcePack:Fancy Block Particles
[02:19:57] [Client thread/INFO]: SoundSystem shutting down...
[02:19:57] [Client thread/WARN]: Author: Paul Lamb, www.paulscode.com
[02:19:57] [Sound Library Loader/INFO]: Starting up SoundSystem...
[02:19:58] [Thread-10/INFO]: Initializing LWJGL OpenAL
[02:19:58] [Thread-10/INFO]: (The LWJGL binding of OpenAL.  For more information, see http://www.lwjgl.org)
[02:19:58] [Thread-10/INFO]: OpenAL initialized.
[02:19:58] [Sound Library Loader/INFO]: Sound engine started
[02:20:05] [Client thread/INFO]: Created: 512x512 textures-atlas
[02:20:15] [Server thread/INFO]: Starting integrated minecraft server version 1.10.2
[02:20:15] [Server thread/INFO]: Generating keypair
[02:20:16] [Server thread/INFO]: Preparing start region for level 0
[02:20:17] [Server thread/INFO]: Preparing spawn area: 35%
[02:20:18] [Server thread/INFO]: Changing view distance to 2, from 10
[02:20:20] [Realms Notification Availability checker #1/INFO]: Could not authorize you against Realms server: Invalid session id
[02:20:21] [Server thread/INFO]: ILikeMyMommy[local:E:3703a60d] logged in with entity id 31 at (968.2764720395382, 4.0, 1388.9214219717019)
[02:20:21] [Server thread/INFO]: ILikeMyMommy joined the game
[02:20:23] [Server thread/INFO]: Saving and pausing game...
[02:20:24] [Server thread/INFO]: Saving chunks for level 'FBP TEST'/Overworld
[02:20:25] [Server thread/INFO]: Saving chunks for level 'FBP TEST'/Nether
[02:20:25] [Server thread/INFO]: Saving chunks for level 'FBP TEST'/The End
[02:20:25] [Server thread/WARN]: Can't keep up! Did the system time change, or is the server overloaded? Running 2535ms behind, skipping 50 tick(s)
[02:20:27] [pool-2-thread-1/WARN]: Couldn't look up profile properties for com.mojang.authlib.GameProfile@43ff88ad[id=e48721c3-c918-3321-a62c-50c74b04ccdf,name=ILikeMyMommy,properties={},legacy=false]
com.mojang.authlib.exceptions.AuthenticationException: The client has sent too many requests within a certain amount of time
	at com.mojang.authlib.yggdrasil.YggdrasilAuthenticationService.makeRequest(YggdrasilAuthenticationService.java:65) ~[YggdrasilAuthenticationService.class:?]
	at com.mojang.authlib.yggdrasil.YggdrasilMinecraftSessionService.fillGameProfile(YggdrasilMinecraftSessionService.java:175) [YggdrasilMinecraftSessionService.class:?]
	at com.mojang.authlib.yggdrasil.YggdrasilMinecraftSessionService$1.load(YggdrasilMinecraftSessionService.java:59) [YggdrasilMinecraftSessionService$1.class:?]
	at com.mojang.authlib.yggdrasil.YggdrasilMinecraftSessionService$1.load(YggdrasilMinecraftSessionService.java:56) [YggdrasilMinecraftSessionService$1.class:?]
	at com.google.common.cache.LocalCache$LoadingValueReference.loadFuture(LocalCache.java:3524) [guava-17.0.jar:?]
	at com.google.common.cache.LocalCache$Segment.loadSync(LocalCache.java:2317) [guava-17.0.jar:?]
	at com.google.common.cache.LocalCache$Segment.lockedGetOrLoad(LocalCache.java:2280) [guava-17.0.jar:?]
	at com.google.common.cache.LocalCache$Segment.get(LocalCache.java:2195) [guava-17.0.jar:?]
	at com.google.common.cache.LocalCache.get(LocalCache.java:3934) [guava-17.0.jar:?]
	at com.google.common.cache.LocalCache.getOrLoad(LocalCache.java:3938) [guava-17.0.jar:?]
	at com.google.common.cache.LocalCache$LocalLoadingCache.get(LocalCache.java:4821) [guava-17.0.jar:?]
	at com.google.common.cache.LocalCache$LocalLoadingCache.getUnchecked(LocalCache.java:4827) [guava-17.0.jar:?]
	at com.mojang.authlib.yggdrasil.YggdrasilMinecraftSessionService.fillProfileProperties(YggdrasilMinecraftSessionService.java:165) [YggdrasilMinecraftSessionService.class:?]
	at net.minecraft.client.Minecraft.getProfileProperties(Minecraft.java:3060) [Minecraft.class:?]
	at net.minecraft.client.resources.SkinManager$3.run(SkinManager.java:131) [SkinManager$3.class:?]
	at java.util.concurrent.Executors$RunnableAdapter.call(Unknown Source) [?:1.8.0_144]
	at java.util.concurrent.FutureTask.run(Unknown Source) [?:1.8.0_144]
	at java.util.concurrent.ThreadPoolExecutor.runWorker(Unknown Source) [?:1.8.0_144]
	at java.util.concurrent.ThreadPoolExecutor$Worker.run(Unknown Source) [?:1.8.0_144]
	at java.lang.Thread.run(Unknown Source) [?:1.8.0_144]
[02:20:28] [Server thread/INFO]: Saving and pausing game...
[02:20:28] [Server thread/INFO]: Saving chunks for level 'FBP TEST'/Overworld
[02:20:28] [Server thread/INFO]: Saving chunks for level 'FBP TEST'/Nether
[02:20:28] [Server thread/INFO]: Saving chunks for level 'FBP TEST'/The End
